# JRE version: OpenJDK Runtime Environment (8.0_242) (build 1.8.0_242-release-1644-b3-6222593)
# Java VM: OpenJDK 64-Bit Server VM (25.242-b3-6222593 mixed mode linux-amd64 compressed oops)
Heap:
 PSYoungGen      total 310784K, used 41978K [0x00000000e0000000, 0x00000000f6200000, 0x0000000100000000)
  eden space 268800K, 0% used [0x00000000e0000000,0x00000000e0000000,0x00000000f0680000)
  from space 41984K, 99% used [0x00000000f0680000,0x00000000f2f7e8f8,0x00000000f2f80000)
  to   space 36864K, 0% used [0x00000000f2f80000,0x00000000f2f80000,0x00000000f5380000)
 ParOldGen       total 141824K, used 88641K [0x00000000a0000000, 0x00000000a8a80000, 0x00000000e0000000)
  object space 141824K, 62% used [0x00000000a0000000,0x00000000a56906b0,0x00000000a8a80000)
 Metaspace       used 70965K, capacity 73482K, committed 73640K, reserved 1112064K
  class space    used 9507K, capacity 10115K, committed 10152K, reserved 1048576K
GC Heap History (10 events):
Event: 11.574 GC heap after
Heap after GC invocations=13 (full 2):
 PSYoungGen      total 195584K, used 21814K [0x00000000e0000000, 0x00000000f1580000, 0x0000000100000000)
  eden space 173568K, 0% used [0x00000000e0000000,0x00000000e0000000,0x00000000ea980000)
  from space 22016K, 99% used [0x00000000ea980000,0x00000000ebecd820,0x00000000ebf00000)
  to   space 25088K, 0% used [0x00000000efd00000,0x00000000efd00000,0x00000000f1580000)
 ParOldGen       total 96256K, used 28305K [0x00000000a0000000, 0x00000000a5e00000, 0x00000000e0000000)
  object space 96256K, 29% used [0x00000000a0000000,0x00000000a1ba4458,0x00000000a5e00000)
 Metaspace       used 57125K, capacity 59092K, committed 59160K, reserved 1099776K
  class space    used 7842K, capacity 8356K, committed 8360K, reserved 1048576K
}
Event: 11.574 GC heap before
{Heap before GC invocations=14 (full 3):
 PSYoungGen      total 195584K, used 21814K [0x00000000e0000000, 0x00000000f1580000, 0x0000000100000000)
  eden space 173568K, 0% used [0x00000000e0000000,0x00000000e0000000,0x00000000ea980000)
  from space 22016K, 99% used [0x00000000ea980000,0x00000000ebecd820,0x00000000ebf00000)
  to   space 25088K, 0% used [0x00000000efd00000,0x00000000efd00000,0x00000000f1580000)
 ParOldGen       total 96256K, used 28305K [0x00000000a0000000, 0x00000000a5e00000, 0x00000000e0000000)
  object space 96256K, 29% used [0x00000000a0000000,0x00000000a1ba4458,0x00000000a5e00000)
 Metaspace       used 57125K, capacity 59092K, committed 59160K, reserved 1099776K
  class space    used 7842K, capacity 8356K, committed 8360K, reserved 1048576K
Event: 11.782 GC heap after
Heap after GC invocations=14 (full 3):
 PSYoungGen      total 195584K, used 0K [0x00000000e0000000, 0x00000000f1580000, 0x0000000100000000)
  eden space 173568K, 0% used [0x00000000e0000000,0x00000000e0000000,0x00000000ea980000)
  from space 22016K, 0% used [0x00000000ea980000,0x00000000ea980000,0x00000000ebf00000)
  to   space 25088K, 0% used [0x00000000efd00000,0x00000000efd00000,0x00000000f1580000)
 ParOldGen       total 141824K, used 38502K [0x00000000a0000000, 0x00000000a8a80000, 0x00000000e0000000)
  object space 141824K, 27% used [0x00000000a0000000,0x00000000a2599910,0x00000000a8a80000)
 Metaspace       used 57125K, capacity 59092K, committed 59160K, reserved 1099776K
  class space    used 7842K, capacity 8356K, committed 8360K, reserved 1048576K
}
Event: 13.364 GC heap before
{Heap before GC invocations=15 (full 3):
 PSYoungGen      total 195584K, used 173568K [0x00000000e0000000, 0x00000000f1580000, 0x0000000100000000)
  eden space 173568K, 100% used [0x00000000e0000000,0x00000000ea980000,0x00000000ea980000)
  from space 22016K, 0% used [0x00000000ea980000,0x00000000ea980000,0x00000000ebf00000)
  to   space 25088K, 0% used [0x00000000efd00000,0x00000000efd00000,0x00000000f1580000)
 ParOldGen       total 141824K, used 38502K [0x00000000a0000000, 0x00000000a8a80000, 0x00000000e0000000)
  object space 141824K, 27% used [0x00000000a0000000,0x00000000a2599910,0x00000000a8a80000)
 Metaspace       used 58668K, capacity 60762K, committed 60840K, reserved 1101824K
  class space    used 8052K, capacity 8571K, committed 8616K, reserved 1048576K
Event: 13.387 GC heap after
Heap after GC invocations=15 (full 3):
 PSYoungGen      total 233472K, used 15178K [0x00000000e0000000, 0x00000000f0c00000, 0x0000000100000000)
  eden space 218112K, 0% used [0x00000000e0000000,0x00000000e0000000,0x00000000ed500000)
  from space 15360K, 98% used [0x00000000efd00000,0x00000000f0bd2a18,0x00000000f0c00000)
  to   space 25088K, 0% used [0x00000000edb00000,0x00000000edb00000,0x00000000ef380000)
 ParOldGen       total 141824K, used 38510K [0x00000000a0000000, 0x00000000a8a80000, 0x00000000e0000000)
  object space 141824K, 27% used [0x00000000a0000000,0x00000000a259b910,0x00000000a8a80000)
 Metaspace       used 58668K, capacity 60762K, committed 60840K, reserved 1101824K
  class space    used 8052K, capacity 8571K, committed 8616K, reserved 1048576K
}
Event: 16.090 GC heap before
{Heap before GC invocations=16 (full 3):
 PSYoungGen      total 233472K, used 233290K [0x00000000e0000000, 0x00000000f0c00000, 0x0000000100000000)
  eden space 218112K, 100% used [0x00000000e0000000,0x00000000ed500000,0x00000000ed500000)
  from space 15360K, 98% used [0x00000000efd00000,0x00000000f0bd2a18,0x00000000f0c00000)
  to   space 25088K, 0% used [0x00000000edb00000,0x00000000edb00000,0x00000000ef380000)
 ParOldGen       total 141824K, used 38510K [0x00000000a0000000, 0x00000000a8a80000, 0x00000000e0000000)
  object space 141824K, 27% used [0x00000000a0000000,0x00000000a259b910,0x00000000a8a80000)
 Metaspace       used 61043K, capacity 63344K, committed 63528K, reserved 1103872K
  class space    used 8341K, capacity 8878K, committed 9000K, reserved 1048576K
Event: 16.143 GC heap after
Heap after GC invocations=16 (full 3):
 PSYoungGen      total 249344K, used 25072K [0x00000000e0000000, 0x00000000f5380000, 0x0000000100000000)
  eden space 224256K, 0% used [0x00000000e0000000,0x00000000e0000000,0x00000000edb00000)
  from space 25088K, 99% used [0x00000000edb00000,0x00000000ef37c220,0x00000000ef380000)
  to   space 36864K, 0% used [0x00000000f2f80000,0x00000000f2f80000,0x00000000f5380000)
 ParOldGen       total 141824K, used 60645K [0x00000000a0000000, 0x00000000a8a80000, 0x00000000e0000000)
  object space 141824K, 42% used [0x00000000a0000000,0x00000000a3b39420,0x00000000a8a80000)
 Metaspace       used 61043K, capacity 63344K, committed 63528K, reserved 1103872K
  class space    used 8341K, capacity 8878K, committed 9000K, reserved 1048576K
}
Event: 19.866 GC heap before
{Heap before GC invocations=17 (full 3):
 PSYoungGen      total 249344K, used 249314K [0x00000000e0000000, 0x00000000f5380000, 0x0000000100000000)
  eden space 224256K, 99% used [0x00000000e0000000,0x00000000edafc618,0x00000000edb00000)
  from space 25088K, 99% used [0x00000000edb00000,0x00000000ef37c220,0x00000000ef380000)
  to   space 36864K, 0% used [0x00000000f2f80000,0x00000000f2f80000,0x00000000f5380000)
 ParOldGen       total 141824K, used 60645K [0x00000000a0000000, 0x00000000a8a80000, 0x00000000e0000000)
  object space 141824K, 42% used [0x00000000a0000000,0x00000000a3b39420,0x00000000a8a80000)
 Metaspace       used 65382K, capacity 67858K, committed 68136K, reserved 1107968K
  class space    used 8850K, capacity 9455K, committed 9512K, reserved 1048576K
Event: 19.913 GC heap after
Heap after GC invocations=17 (full 3):
 PSYoungGen      total 305664K, used 35852K [0x00000000e0000000, 0x00000000f6200000, 0x0000000100000000)
  eden space 268800K, 0% used [0x00000000e0000000,0x00000000e0000000,0x00000000f0680000)
  from space 36864K, 97% used [0x00000000f2f80000,0x00000000f5283000,0x00000000f5380000)
  to   space 41984K, 0% used [0x00000000f0680000,0x00000000f0680000,0x00000000f2f80000)
 ParOldGen       total 141824K, used 69758K [0x00000000a0000000, 0x00000000a8a80000, 0x00000000e0000000)
  object space 141824K, 49% used [0x00000000a0000000,0x00000000a441fb40,0x00000000a8a80000)
 Metaspace       used 65382K, capacity 67858K, committed 68136K, reserved 1107968K
  class space    used 8850K, capacity 9455K, committed 9512K, reserved 1048576K
}
Event: 22.221 GC heap before
{Heap before GC invocations=18 (full 3):
 PSYoungGen      total 305664K, used 304652K [0x00000000e0000000, 0x00000000f6200000, 0x0000000100000000)
  eden space 268800K, 100% used [0x00000000e0000000,0x00000000f0680000,0x00000000f0680000)
  from space 36864K, 97% used [0x00000000f2f80000,0x00000000f5283000,0x00000000f5380000)
  to   space 41984K, 0% used [0x00000000f0680000,0x00000000f0680000,0x00000000f2f80000)
 ParOldGen       total 141824K, used 69758K [0x00000000a0000000, 0x00000000a8a80000, 0x00000000e0000000)
  object space 141824K, 49% used [0x00000000a0000000,0x00000000a441fb40,0x00000000a8a80000)
 Metaspace       used 70965K, capacity 73482K, committed 73640K, reserved 1112064K
  class space    used 9507K, capacity 10115K, committed 10152K, reserved 1048576K

